{"D:\\Desktop\\Codes\\Portifólio\\e-commerce\\backend-ecommerce\\src\\use-cases\\submit-product-use-case.ts": {"path":"D:\\Desktop\\Codes\\Portifólio\\e-commerce\\backend-ecommerce\\src\\use-cases\\submit-product-use-case.ts","all":false,"statementMap":{"0":{"start":{"line":1,"column":0},"end":{"line":1,"column":39}},"1":{"start":{"line":2,"column":0},"end":{"line":2,"column":73}},"2":{"start":{"line":3,"column":0},"end":{"line":3,"column":0}},"3":{"start":{"line":4,"column":0},"end":{"line":4,"column":35}},"4":{"start":{"line":5,"column":0},"end":{"line":5,"column":16}},"5":{"start":{"line":6,"column":0},"end":{"line":6,"column":55}},"6":{"start":{"line":7,"column":0},"end":{"line":7,"column":7}},"7":{"start":{"line":8,"column":0},"end":{"line":8,"column":0}},"8":{"start":{"line":9,"column":0},"end":{"line":9,"column":37}},"9":{"start":{"line":10,"column":0},"end":{"line":10,"column":88}},"10":{"start":{"line":11,"column":0},"end":{"line":11,"column":0}},"11":{"start":{"line":12,"column":0},"end":{"line":12,"column":95}},"12":{"start":{"line":13,"column":0},"end":{"line":13,"column":60}},"13":{"start":{"line":14,"column":0},"end":{"line":14,"column":9}},"14":{"start":{"line":15,"column":0},"end":{"line":15,"column":46}},"15":{"start":{"line":16,"column":0},"end":{"line":16,"column":17}},"16":{"start":{"line":17,"column":0},"end":{"line":17,"column":18}},"17":{"start":{"line":18,"column":0},"end":{"line":18,"column":21}},"18":{"start":{"line":19,"column":0},"end":{"line":19,"column":17}},"19":{"start":{"line":20,"column":0},"end":{"line":20,"column":18}},"20":{"start":{"line":21,"column":0},"end":{"line":21,"column":24}},"21":{"start":{"line":22,"column":0},"end":{"line":22,"column":18}},"22":{"start":{"line":23,"column":0},"end":{"line":23,"column":16}},"23":{"start":{"line":24,"column":0},"end":{"line":24,"column":10}},"24":{"start":{"line":25,"column":0},"end":{"line":25,"column":5}},"25":{"start":{"line":26,"column":0},"end":{"line":26,"column":1}}},"s":{"0":1,"1":1,"2":1,"3":1,"4":1,"5":1,"6":1,"7":1,"8":1,"9":2,"10":2,"11":2,"12":1,"13":1,"14":1,"15":1,"16":1,"17":1,"18":1,"19":1,"20":1,"21":1,"22":1,"23":1,"24":1,"25":1},"branchMap":{"0":{"type":"branch","line":4,"loc":{"start":{"line":4,"column":13},"end":{"line":4,"column":35}},"locations":[{"start":{"line":4,"column":13},"end":{"line":4,"column":35}}]},"1":{"type":"branch","line":9,"loc":{"start":{"line":9,"column":4},"end":{"line":25,"column":5}},"locations":[{"start":{"line":9,"column":4},"end":{"line":25,"column":5}}]},"2":{"type":"branch","line":12,"loc":{"start":{"line":12,"column":12},"end":{"line":12,"column":36}},"locations":[{"start":{"line":12,"column":12},"end":{"line":12,"column":36}}]},"3":{"type":"branch","line":12,"loc":{"start":{"line":12,"column":21},"end":{"line":12,"column":46}},"locations":[{"start":{"line":12,"column":21},"end":{"line":12,"column":46}}]},"4":{"type":"branch","line":12,"loc":{"start":{"line":12,"column":37},"end":{"line":12,"column":56}},"locations":[{"start":{"line":12,"column":37},"end":{"line":12,"column":56}}]},"5":{"type":"branch","line":12,"loc":{"start":{"line":12,"column":47},"end":{"line":12,"column":64}},"locations":[{"start":{"line":12,"column":47},"end":{"line":12,"column":64}}]},"6":{"type":"branch","line":12,"loc":{"start":{"line":12,"column":57},"end":{"line":12,"column":77}},"locations":[{"start":{"line":12,"column":57},"end":{"line":12,"column":77}}]},"7":{"type":"branch","line":12,"loc":{"start":{"line":12,"column":65},"end":{"line":12,"column":86}},"locations":[{"start":{"line":12,"column":65},"end":{"line":12,"column":86}}]},"8":{"type":"branch","line":12,"loc":{"start":{"line":12,"column":78},"end":{"line":12,"column":94}},"locations":[{"start":{"line":12,"column":78},"end":{"line":12,"column":94}}]},"9":{"type":"branch","line":12,"loc":{"start":{"line":12,"column":94},"end":{"line":25,"column":5}},"locations":[{"start":{"line":12,"column":94},"end":{"line":25,"column":5}}]},"10":{"type":"branch","line":5,"loc":{"start":{"line":5,"column":4},"end":{"line":7,"column":7}},"locations":[{"start":{"line":5,"column":4},"end":{"line":7,"column":7}}]}},"b":{"0":[1],"1":[2],"2":[1],"3":[1],"4":[1],"5":[1],"6":[1],"7":[1],"8":[1],"9":[1],"10":[1]},"fnMap":{"0":{"name":"get","decl":{"start":{"line":4,"column":13},"end":{"line":4,"column":35}},"loc":{"start":{"line":4,"column":13},"end":{"line":4,"column":35}},"line":4},"1":{"name":"execute","decl":{"start":{"line":9,"column":4},"end":{"line":25,"column":5}},"loc":{"start":{"line":9,"column":4},"end":{"line":25,"column":5}},"line":9},"2":{"name":"SubmitProductUseCase","decl":{"start":{"line":5,"column":4},"end":{"line":7,"column":7}},"loc":{"start":{"line":5,"column":4},"end":{"line":7,"column":7}},"line":5}},"f":{"0":1,"1":2,"2":1}}
}
