TN:
SF:dist\src\use-cases\contact-use-case.js
FN:8,execute
FN:5,SubmitContactUseCase
FN:28,execute
FN:25,UpdateContactUseCase
FNF:4
FNH:4
FNDA:3,execute
FNDA:1,SubmitContactUseCase
FNDA:3,execute
FNDA:1,UpdateContactUseCase
DA:1,1
DA:2,1
DA:3,1
DA:4,1
DA:5,1
DA:6,1
DA:7,1
DA:8,1
DA:9,3
DA:10,3
DA:11,1
DA:12,1
DA:13,3
DA:14,1
DA:15,1
DA:16,1
DA:17,1
DA:18,1
DA:19,1
DA:20,1
DA:21,1
DA:22,1
DA:23,1
DA:24,1
DA:25,1
DA:26,1
DA:27,1
DA:28,1
DA:29,3
DA:30,3
DA:31,1
DA:32,1
DA:33,3
DA:34,1
DA:35,1
DA:36,1
DA:37,1
DA:38,1
DA:39,1
DA:40,1
DA:41,1
DA:42,1
DA:43,1
LF:43
LH:43
BRDA:8,0,0,3
BRDA:10,1,0,2
BRDA:10,2,0,1
BRDA:13,3,0,2
BRDA:13,4,0,1
BRDA:13,5,0,1
BRDA:5,6,0,1
BRDA:28,7,0,3
BRDA:30,8,0,1
BRDA:33,9,0,2
BRDA:33,10,0,1
BRDA:33,11,0,1
BRDA:25,12,0,1
BRF:13
BRH:13
end_of_record
TN:
SF:dist\src\use-cases\submit-account-use-case.js
FN:8,execute
FN:5,SubmitAccountUseCase
FNF:2
FNH:2
FNDA:2,execute
FNDA:1,SubmitAccountUseCase
DA:1,1
DA:2,1
DA:3,1
DA:4,1
DA:5,1
DA:6,1
DA:7,1
DA:8,1
DA:9,2
DA:10,2
DA:11,1
DA:12,1
DA:13,1
DA:14,1
DA:15,1
DA:16,1
DA:17,1
DA:18,1
DA:19,1
LF:19
LH:19
BRDA:8,0,0,2
BRDA:10,1,0,1
BRDA:5,2,0,1
BRF:3
BRH:3
end_of_record
TN:
SF:src\use-cases\contact-use-case.ts
FN:8,execute
FN:4,SubmitContactUseCase
FN:29,execute
FN:26,UpdateContactUseCase
FNF:4
FNH:4
FNDA:3,execute
FNDA:1,SubmitContactUseCase
FNDA:3,execute
FNDA:1,UpdateContactUseCase
DA:1,1
DA:2,1
DA:3,1
DA:4,1
DA:5,1
DA:6,1
DA:7,1
DA:8,1
DA:9,3
DA:10,3
DA:11,3
DA:12,1
DA:13,1
DA:14,3
DA:15,1
DA:16,1
DA:17,1
DA:18,1
DA:19,1
DA:20,1
DA:21,1
DA:22,1
DA:23,1
DA:24,1
DA:25,1
DA:26,1
DA:27,1
DA:28,1
DA:29,1
DA:30,3
DA:31,3
DA:32,3
DA:33,1
DA:34,1
DA:35,3
DA:36,1
DA:37,1
DA:38,1
DA:39,1
DA:40,1
DA:41,1
DA:42,1
DA:43,1
DA:44,1
LF:44
LH:44
BRDA:8,0,0,3
BRDA:11,1,0,2
BRDA:11,2,0,1
BRDA:14,3,0,2
BRDA:14,4,0,1
BRDA:14,5,0,1
BRDA:4,6,0,1
BRDA:29,7,0,3
BRDA:32,8,0,1
BRDA:35,9,0,2
BRDA:35,10,0,1
BRDA:35,11,0,1
BRDA:26,12,0,1
BRF:13
BRH:13
end_of_record
TN:
SF:src\use-cases\submit-account-use-case.ts
FN:3,get
FN:8,execute
FN:4,SubmitAccountUseCase
FNF:3
FNH:3
FNDA:1,get
FNDA:2,execute
FNDA:1,SubmitAccountUseCase
DA:1,1
DA:2,1
DA:3,1
DA:4,1
DA:5,1
DA:6,1
DA:7,1
DA:8,1
DA:9,2
DA:10,2
DA:11,2
DA:12,1
DA:13,1
DA:14,1
DA:15,1
DA:16,1
DA:17,1
DA:18,1
DA:19,1
LF:19
LH:19
BRDA:3,0,0,1
BRDA:8,1,0,2
BRDA:11,2,0,1
BRDA:4,3,0,1
BRF:4
BRH:4
end_of_record
