TN:
SF:src\use-cases\submit-product-use-case.ts
FN:4,get
FN:9,execute
FN:5,SubmitProductUseCase
FNF:3
FNH:3
FNDA:1,get
FNDA:2,execute
FNDA:1,SubmitProductUseCase
DA:1,1
DA:2,1
DA:3,1
DA:4,1
DA:5,1
DA:6,1
DA:7,1
DA:8,1
DA:9,1
DA:10,2
DA:11,2
DA:12,2
DA:13,1
DA:14,1
DA:15,1
DA:16,1
DA:17,1
DA:18,1
DA:19,1
DA:20,1
DA:21,1
DA:22,1
DA:23,1
DA:24,1
DA:25,1
DA:26,1
LF:26
LH:26
BRDA:4,0,0,1
BRDA:9,1,0,2
BRDA:12,2,0,1
BRDA:12,3,0,1
BRDA:12,4,0,1
BRDA:12,5,0,1
BRDA:12,6,0,1
BRDA:12,7,0,1
BRDA:12,8,0,1
BRDA:12,9,0,1
BRDA:5,10,0,1
BRF:11
BRH:11
end_of_record
